CRITICAL - 2026-04-14 11:38:09 --> Error: Class "Config\Database" not found
[Method: GET, Route: /]
in SYSTEMPATH\Debug\Toolbar\Collectors\Database.php on line 255.
 1 SYSTEMPATH\Debug\Toolbar\Collectors\Database.php(75): CodeIgniter\Debug\Toolbar\Collectors\Database->getConnections()
 2 SYSTEMPATH\Debug\Toolbar.php(67): CodeIgniter\Debug\Toolbar\Collectors\Database->__construct()
 3 SYSTEMPATH\Config\Services.php(805): CodeIgniter\Debug\Toolbar->__construct(Object(Config\Toolbar))
 4 SYSTEMPATH\Config\BaseService.php(325): CodeIgniter\Config\Services::toolbar(Object(Config\Toolbar), false)
 5 SYSTEMPATH\Config\BaseService.php(264): CodeIgniter\Config\BaseService::__callStatic('toolbar', [...])
 6 SYSTEMPATH\Config\Services.php(800): CodeIgniter\Config\BaseService::getSharedInstance('toolbar', null)
 7 SYSTEMPATH\Config\BaseService.php(334): CodeIgniter\Config\Services::toolbar()
 8 SYSTEMPATH\Config\BaseService.php(203): CodeIgniter\Config\BaseService::__callStatic('toolbar', [])
 9 SYSTEMPATH\Common.php(1078): CodeIgniter\Config\BaseService::get('toolbar')
10 SYSTEMPATH\Filters\DebugToolbar.php(44): service('toolbar')
11 SYSTEMPATH\Filters\Filters.php(278): CodeIgniter\Filters\DebugToolbar->after(Object(CodeIgniter\HTTP\IncomingRequest), Object(CodeIgniter\HTTP\Response), null)
12 SYSTEMPATH\Filters\Filters.php(364): CodeIgniter\Filters\Filters->runAfter([...])
13 SYSTEMPATH\CodeIgniter.php(393): CodeIgniter\Filters\Filters->runRequired('after')
14 SYSTEMPATH\CodeIgniter.php(354): CodeIgniter\CodeIgniter->runRequiredAfterFilters(Object(CodeIgniter\Filters\Filters))
15 SYSTEMPATH\Boot.php(417): CodeIgniter\CodeIgniter->run()
16 SYSTEMPATH\Boot.php(68): CodeIgniter\Boot::runCodeIgniter(Object(CodeIgniter\CodeIgniter))
17 FCPATH\index.php(59): CodeIgniter\Boot::bootWeb(Object(Config\Paths))
CRITICAL - 2026-04-14 11:38:18 --> Error: Class "Config\Database" not found
[Method: GET, Route: /]
in SYSTEMPATH\Debug\Toolbar\Collectors\Database.php on line 255.
 1 SYSTEMPATH\Debug\Toolbar\Collectors\Database.php(75): CodeIgniter\Debug\Toolbar\Collectors\Database->getConnections()
 2 SYSTEMPATH\Debug\Toolbar.php(67): CodeIgniter\Debug\Toolbar\Collectors\Database->__construct()
 3 SYSTEMPATH\Config\Services.php(805): CodeIgniter\Debug\Toolbar->__construct(Object(Config\Toolbar))
 4 SYSTEMPATH\Config\BaseService.php(325): CodeIgniter\Config\Services::toolbar(Object(Config\Toolbar), false)
 5 SYSTEMPATH\Config\BaseService.php(264): CodeIgniter\Config\BaseService::__callStatic('toolbar', [...])
 6 SYSTEMPATH\Config\Services.php(800): CodeIgniter\Config\BaseService::getSharedInstance('toolbar', null)
 7 SYSTEMPATH\Config\BaseService.php(334): CodeIgniter\Config\Services::toolbar()
 8 SYSTEMPATH\Config\BaseService.php(203): CodeIgniter\Config\BaseService::__callStatic('toolbar', [])
 9 SYSTEMPATH\Common.php(1078): CodeIgniter\Config\BaseService::get('toolbar')
10 SYSTEMPATH\Filters\DebugToolbar.php(44): service('toolbar')
11 SYSTEMPATH\Filters\Filters.php(278): CodeIgniter\Filters\DebugToolbar->after(Object(CodeIgniter\HTTP\IncomingRequest), Object(CodeIgniter\HTTP\Response), null)
12 SYSTEMPATH\Filters\Filters.php(364): CodeIgniter\Filters\Filters->runAfter([...])
13 SYSTEMPATH\CodeIgniter.php(393): CodeIgniter\Filters\Filters->runRequired('after')
14 SYSTEMPATH\CodeIgniter.php(354): CodeIgniter\CodeIgniter->runRequiredAfterFilters(Object(CodeIgniter\Filters\Filters))
15 SYSTEMPATH\Boot.php(417): CodeIgniter\CodeIgniter->run()
16 SYSTEMPATH\Boot.php(68): CodeIgniter\Boot::runCodeIgniter(Object(CodeIgniter\CodeIgniter))
17 FCPATH\index.php(59): CodeIgniter\Boot::bootWeb(Object(Config\Paths))
CRITICAL - 2026-04-14 11:38:25 --> Error: Class "Config\Database" not found
[Method: GET, Route: /]
in SYSTEMPATH\Debug\Toolbar\Collectors\Database.php on line 255.
 1 SYSTEMPATH\Debug\Toolbar\Collectors\Database.php(75): CodeIgniter\Debug\Toolbar\Collectors\Database->getConnections()
 2 SYSTEMPATH\Debug\Toolbar.php(67): CodeIgniter\Debug\Toolbar\Collectors\Database->__construct()
 3 SYSTEMPATH\Config\Services.php(805): CodeIgniter\Debug\Toolbar->__construct(Object(Config\Toolbar))
 4 SYSTEMPATH\Config\BaseService.php(325): CodeIgniter\Config\Services::toolbar(Object(Config\Toolbar), false)
 5 SYSTEMPATH\Config\BaseService.php(264): CodeIgniter\Config\BaseService::__callStatic('toolbar', [...])
 6 SYSTEMPATH\Config\Services.php(800): CodeIgniter\Config\BaseService::getSharedInstance('toolbar', null)
 7 SYSTEMPATH\Config\BaseService.php(334): CodeIgniter\Config\Services::toolbar()
 8 SYSTEMPATH\Config\BaseService.php(203): CodeIgniter\Config\BaseService::__callStatic('toolbar', [])
 9 SYSTEMPATH\Common.php(1078): CodeIgniter\Config\BaseService::get('toolbar')
10 SYSTEMPATH\Filters\DebugToolbar.php(44): service('toolbar')
11 SYSTEMPATH\Filters\Filters.php(278): CodeIgniter\Filters\DebugToolbar->after(Object(CodeIgniter\HTTP\IncomingRequest), Object(CodeIgniter\HTTP\Response), null)
12 SYSTEMPATH\Filters\Filters.php(364): CodeIgniter\Filters\Filters->runAfter([...])
13 SYSTEMPATH\CodeIgniter.php(393): CodeIgniter\Filters\Filters->runRequired('after')
14 SYSTEMPATH\CodeIgniter.php(354): CodeIgniter\CodeIgniter->runRequiredAfterFilters(Object(CodeIgniter\Filters\Filters))
15 SYSTEMPATH\Boot.php(417): CodeIgniter\CodeIgniter->run()
16 SYSTEMPATH\Boot.php(68): CodeIgniter\Boot::runCodeIgniter(Object(CodeIgniter\CodeIgniter))
17 FCPATH\index.php(59): CodeIgniter\Boot::bootWeb(Object(Config\Paths))
CRITICAL - 2026-04-14 11:42:47 --> Error: Class "Config\Database" not found
[Method: GET, Route: /]
in SYSTEMPATH\Debug\Toolbar\Collectors\Database.php on line 255.
 1 SYSTEMPATH\Debug\Toolbar\Collectors\Database.php(75): CodeIgniter\Debug\Toolbar\Collectors\Database->getConnections()
 2 SYSTEMPATH\Debug\Toolbar.php(67): CodeIgniter\Debug\Toolbar\Collectors\Database->__construct()
 3 SYSTEMPATH\Config\Services.php(805): CodeIgniter\Debug\Toolbar->__construct(Object(Config\Toolbar))
 4 SYSTEMPATH\Config\BaseService.php(325): CodeIgniter\Config\Services::toolbar(Object(Config\Toolbar), false)
 5 SYSTEMPATH\Config\BaseService.php(264): CodeIgniter\Config\BaseService::__callStatic('toolbar', [...])
 6 SYSTEMPATH\Config\Services.php(800): CodeIgniter\Config\BaseService::getSharedInstance('toolbar', null)
 7 SYSTEMPATH\Config\BaseService.php(334): CodeIgniter\Config\Services::toolbar()
 8 SYSTEMPATH\Config\BaseService.php(203): CodeIgniter\Config\BaseService::__callStatic('toolbar', [])
 9 SYSTEMPATH\Common.php(1078): CodeIgniter\Config\BaseService::get('toolbar')
10 APPPATH\Config\Events.php(47): service('toolbar')
11 SYSTEMPATH\Events\Events.php(152): CodeIgniter\Events\Events::Config\{closure}()
12 SYSTEMPATH\CodeIgniter.php(325): CodeIgniter\Events\Events::trigger('pre_system')
13 SYSTEMPATH\Boot.php(417): CodeIgniter\CodeIgniter->run()
14 SYSTEMPATH\Boot.php(68): CodeIgniter\Boot::runCodeIgniter(Object(CodeIgniter\CodeIgniter))
15 FCPATH\index.php(59): CodeIgniter\Boot::bootWeb(Object(Config\Paths))
DEBUG - 2026-04-14 11:46:26 --> Session: Class initialized using 'CodeIgniter\Session\Handlers\FileHandler' driver.
DEBUG - 2026-04-14 11:49:00 --> Session: Class initialized using 'CodeIgniter\Session\Handlers\FileHandler' driver.
DEBUG - 2026-04-14 11:49:01 --> Session: Class initialized using 'CodeIgniter\Session\Handlers\FileHandler' driver.
DEBUG - 2026-04-14 11:49:05 --> Session: Class initialized using 'CodeIgniter\Session\Handlers\FileHandler' driver.
DEBUG - 2026-04-14 11:49:29 --> Session: Class initialized using 'CodeIgniter\Session\Handlers\FileHandler' driver.
DEBUG - 2026-04-14 11:49:31 --> Session: Class initialized using 'CodeIgniter\Session\Handlers\FileHandler' driver.
DEBUG - 2026-04-14 11:49:55 --> Session: Class initialized using 'CodeIgniter\Session\Handlers\FileHandler' driver.
DEBUG - 2026-04-14 11:49:56 --> Session: Class initialized using 'CodeIgniter\Session\Handlers\FileHandler' driver.
DEBUG - 2026-04-14 11:50:05 --> Session: Class initialized using 'CodeIgniter\Session\Handlers\FileHandler' driver.
DEBUG - 2026-04-14 11:50:05 --> Session: Class initialized using 'CodeIgniter\Session\Handlers\FileHandler' driver.
DEBUG - 2026-04-14 11:55:45 --> Session: Class initialized using 'CodeIgniter\Session\Handlers\FileHandler' driver.
DEBUG - 2026-04-14 11:55:47 --> Session: Class initialized using 'CodeIgniter\Session\Handlers\FileHandler' driver.
DEBUG - 2026-04-14 11:55:51 --> Session: Class initialized using 'CodeIgniter\Session\Handlers\FileHandler' driver.
DEBUG - 2026-04-14 11:56:27 --> Session: Class initialized using 'CodeIgniter\Session\Handlers\FileHandler' driver.
DEBUG - 2026-04-14 11:56:27 --> Session: Class initialized using 'CodeIgniter\Session\Handlers\FileHandler' driver.
DEBUG - 2026-04-14 11:56:32 --> Session: Class initialized using 'CodeIgniter\Session\Handlers\FileHandler' driver.
DEBUG - 2026-04-14 11:56:32 --> Session: Class initialized using 'CodeIgniter\Session\Handlers\FileHandler' driver.
DEBUG - 2026-04-14 11:56:33 --> Session: Class initialized using 'CodeIgniter\Session\Handlers\FileHandler' driver.
DEBUG - 2026-04-14 11:56:53 --> Session: Class initialized using 'CodeIgniter\Session\Handlers\FileHandler' driver.
DEBUG - 2026-04-14 11:56:54 --> Session: Class initialized using 'CodeIgniter\Session\Handlers\FileHandler' driver.
DEBUG - 2026-04-14 11:58:47 --> Session: Class initialized using 'CodeIgniter\Session\Handlers\FileHandler' driver.
DEBUG - 2026-04-14 11:59:02 --> Session: Class initialized using 'CodeIgniter\Session\Handlers\FileHandler' driver.
DEBUG - 2026-04-14 11:59:07 --> Session: Class initialized using 'CodeIgniter\Session\Handlers\FileHandler' driver.
DEBUG - 2026-04-14 12:05:51 --> Session: Class initialized using 'CodeIgniter\Session\Handlers\FileHandler' driver.
DEBUG - 2026-04-14 12:05:53 --> Session: Class initialized using 'CodeIgniter\Session\Handlers\FileHandler' driver.
DEBUG - 2026-04-14 12:06:00 --> Session: Class initialized using 'CodeIgniter\Session\Handlers\FileHandler' driver.
DEBUG - 2026-04-14 12:45:30 --> Session: Class initialized using 'CodeIgniter\Session\Handlers\FileHandler' driver.
DEBUG - 2026-04-14 12:45:32 --> Session: Class initialized using 'CodeIgniter\Session\Handlers\FileHandler' driver.
DEBUG - 2026-04-14 12:45:33 --> Session: Class initialized using 'CodeIgniter\Session\Handlers\FileHandler' driver.
DEBUG - 2026-04-14 12:45:34 --> Session: Class initialized using 'CodeIgniter\Session\Handlers\FileHandler' driver.
DEBUG - 2026-04-14 12:45:37 --> Session: Class initialized using 'CodeIgniter\Session\Handlers\FileHandler' driver.
CRITICAL - 2026-04-14 12:45:37 --> CodeIgniter\View\Exceptions\ViewException: Invalid file: "dispositivo/index.php"
[Method: GET, Route: dispositivos]
in SYSTEMPATH\Exceptions\FrameworkException.php on line 39.
 1 SYSTEMPATH\View\View.php(228): CodeIgniter\Exceptions\FrameworkException::forInvalidFile('dispositivo/index.php')
 2 SYSTEMPATH\Common.php(1250): CodeIgniter\View\View->render('dispositivo/index', [], true)
 3 APPPATH\Controllers\DispositivoController.php(38): view('dispositivo/index', [...])
 4 SYSTEMPATH\CodeIgniter.php(951): App\Controllers\DispositivoController->index()
 5 SYSTEMPATH\CodeIgniter.php(497): CodeIgniter\CodeIgniter->runController(Object(App\Controllers\DispositivoController))
 6 SYSTEMPATH\CodeIgniter.php(340): CodeIgniter\CodeIgniter->handleRequest(null, Object(Config\Cache), false)
 7 SYSTEMPATH\Boot.php(417): CodeIgniter\CodeIgniter->run()
 8 SYSTEMPATH\Boot.php(68): CodeIgniter\Boot::runCodeIgniter(Object(CodeIgniter\CodeIgniter))
 9 FCPATH\index.php(59): CodeIgniter\Boot::bootWeb(Object(Config\Paths))
DEBUG - 2026-04-14 12:46:28 --> Session: Class initialized using 'CodeIgniter\Session\Handlers\FileHandler' driver.
DEBUG - 2026-04-14 12:46:51 --> Session: Class initialized using 'CodeIgniter\Session\Handlers\FileHandler' driver.
